<?xml version="1.0" encoding="UTF-8"?>
<testsuite xmlns:xsi="http://www.w3.org/2001/XMLSchema-instance" xsi:noNamespaceSchemaLocation="https://maven.apache.org/surefire/maven-surefire-plugin/xsd/surefire-test-report.xsd" name="org.javaboy.profile.ProfileApplicationTests" time="2.378" tests="1" errors="1" skipped="0" failures="0">
  <properties>
    <property name="sun.desktop" value="windows"/>
    <property name="awt.toolkit" value="sun.awt.windows.WToolkit"/>
    <property name="file.encoding.pkg" value="sun.io"/>
    <property name="java.specification.version" value="1.8"/>
    <property name="sun.cpu.isalist" value="amd64"/>
    <property name="sun.jnu.encoding" value="GBK"/>
    <property name="java.class.path" value="D:\haihui\trunk\chapter02\profile\target\test-classes;D:\haihui\trunk\chapter02\profile\target\classes;D:\ENV\apache-maven-3.6.1\repository\org\springframework\boot\spring-boot-starter-web\2.1.6.RELEASE\spring-boot-starter-web-2.1.6.RELEASE.jar;D:\ENV\apache-maven-3.6.1\repository\org\springframework\boot\spring-boot-starter\2.1.6.RELEASE\spring-boot-starter-2.1.6.RELEASE.jar;D:\ENV\apache-maven-3.6.1\repository\org\springframework\boot\spring-boot\2.1.6.RELEASE\spring-boot-2.1.6.RELEASE.jar;D:\ENV\apache-maven-3.6.1\repository\org\springframework\boot\spring-boot-autoconfigure\2.1.6.RELEASE\spring-boot-autoconfigure-2.1.6.RELEASE.jar;D:\ENV\apache-maven-3.6.1\repository\org\springframework\boot\spring-boot-starter-logging\2.1.6.RELEASE\spring-boot-starter-logging-2.1.6.RELEASE.jar;D:\ENV\apache-maven-3.6.1\repository\ch\qos\logback\logback-classic\1.2.3\logback-classic-1.2.3.jar;D:\ENV\apache-maven-3.6.1\repository\ch\qos\logback\logback-core\1.2.3\logback-core-1.2.3.jar;D:\ENV\apache-maven-3.6.1\repository\org\apache\logging\log4j\log4j-to-slf4j\2.11.2\log4j-to-slf4j-2.11.2.jar;D:\ENV\apache-maven-3.6.1\repository\org\apache\logging\log4j\log4j-api\2.11.2\log4j-api-2.11.2.jar;D:\ENV\apache-maven-3.6.1\repository\org\slf4j\jul-to-slf4j\1.7.26\jul-to-slf4j-1.7.26.jar;D:\ENV\apache-maven-3.6.1\repository\javax\annotation\javax.annotation-api\1.3.2\javax.annotation-api-1.3.2.jar;D:\ENV\apache-maven-3.6.1\repository\org\yaml\snakeyaml\1.23\snakeyaml-1.23.jar;D:\ENV\apache-maven-3.6.1\repository\org\springframework\boot\spring-boot-starter-json\2.1.6.RELEASE\spring-boot-starter-json-2.1.6.RELEASE.jar;D:\ENV\apache-maven-3.6.1\repository\com\fasterxml\jackson\core\jackson-databind\2.9.9\jackson-databind-2.9.9.jar;D:\ENV\apache-maven-3.6.1\repository\com\fasterxml\jackson\core\jackson-annotations\2.9.0\jackson-annotations-2.9.0.jar;D:\ENV\apache-maven-3.6.1\repository\com\fasterxml\jackson\core\jackson-core\2.9.9\jackson-core-2.9.9.jar;D:\ENV\apache-maven-3.6.1\repository\com\fasterxml\jackson\datatype\jackson-datatype-jdk8\2.9.9\jackson-datatype-jdk8-2.9.9.jar;D:\ENV\apache-maven-3.6.1\repository\com\fasterxml\jackson\datatype\jackson-datatype-jsr310\2.9.9\jackson-datatype-jsr310-2.9.9.jar;D:\ENV\apache-maven-3.6.1\repository\com\fasterxml\jackson\module\jackson-module-parameter-names\2.9.9\jackson-module-parameter-names-2.9.9.jar;D:\ENV\apache-maven-3.6.1\repository\org\springframework\boot\spring-boot-starter-tomcat\2.1.6.RELEASE\spring-boot-starter-tomcat-2.1.6.RELEASE.jar;D:\ENV\apache-maven-3.6.1\repository\org\apache\tomcat\embed\tomcat-embed-core\9.0.21\tomcat-embed-core-9.0.21.jar;D:\ENV\apache-maven-3.6.1\repository\org\apache\tomcat\embed\tomcat-embed-el\9.0.21\tomcat-embed-el-9.0.21.jar;D:\ENV\apache-maven-3.6.1\repository\org\apache\tomcat\embed\tomcat-embed-websocket\9.0.21\tomcat-embed-websocket-9.0.21.jar;D:\ENV\apache-maven-3.6.1\repository\org\hibernate\validator\hibernate-validator\6.0.17.Final\hibernate-validator-6.0.17.Final.jar;D:\ENV\apache-maven-3.6.1\repository\javax\validation\validation-api\2.0.1.Final\validation-api-2.0.1.Final.jar;D:\ENV\apache-maven-3.6.1\repository\org\jboss\logging\jboss-logging\3.3.2.Final\jboss-logging-3.3.2.Final.jar;D:\ENV\apache-maven-3.6.1\repository\com\fasterxml\classmate\1.4.0\classmate-1.4.0.jar;D:\ENV\apache-maven-3.6.1\repository\org\springframework\spring-web\5.1.8.RELEASE\spring-web-5.1.8.RELEASE.jar;D:\ENV\apache-maven-3.6.1\repository\org\springframework\spring-beans\5.1.8.RELEASE\spring-beans-5.1.8.RELEASE.jar;D:\ENV\apache-maven-3.6.1\repository\org\springframework\spring-webmvc\5.1.8.RELEASE\spring-webmvc-5.1.8.RELEASE.jar;D:\ENV\apache-maven-3.6.1\repository\org\springframework\spring-aop\5.1.8.RELEASE\spring-aop-5.1.8.RELEASE.jar;D:\ENV\apache-maven-3.6.1\repository\org\springframework\spring-context\5.1.8.RELEASE\spring-context-5.1.8.RELEASE.jar;D:\ENV\apache-maven-3.6.1\repository\org\springframework\spring-expression\5.1.8.RELEASE\spring-expression-5.1.8.RELEASE.jar;D:\ENV\apache-maven-3.6.1\repository\org\springframework\boot\spring-boot-starter-test\2.1.6.RELEASE\spring-boot-starter-test-2.1.6.RELEASE.jar;D:\ENV\apache-maven-3.6.1\repository\org\springframework\boot\spring-boot-test\2.1.6.RELEASE\spring-boot-test-2.1.6.RELEASE.jar;D:\ENV\apache-maven-3.6.1\repository\org\springframework\boot\spring-boot-test-autoconfigure\2.1.6.RELEASE\spring-boot-test-autoconfigure-2.1.6.RELEASE.jar;D:\ENV\apache-maven-3.6.1\repository\com\jayway\jsonpath\json-path\2.4.0\json-path-2.4.0.jar;D:\ENV\apache-maven-3.6.1\repository\net\minidev\json-smart\2.3\json-smart-2.3.jar;D:\ENV\apache-maven-3.6.1\repository\net\minidev\accessors-smart\1.2\accessors-smart-1.2.jar;D:\ENV\apache-maven-3.6.1\repository\org\ow2\asm\asm\5.0.4\asm-5.0.4.jar;D:\ENV\apache-maven-3.6.1\repository\org\slf4j\slf4j-api\1.7.26\slf4j-api-1.7.26.jar;D:\ENV\apache-maven-3.6.1\repository\junit\junit\4.12\junit-4.12.jar;D:\ENV\apache-maven-3.6.1\repository\org\assertj\assertj-core\3.11.1\assertj-core-3.11.1.jar;D:\ENV\apache-maven-3.6.1\repository\org\mockito\mockito-core\2.23.4\mockito-core-2.23.4.jar;D:\ENV\apache-maven-3.6.1\repository\net\bytebuddy\byte-buddy\1.9.13\byte-buddy-1.9.13.jar;D:\ENV\apache-maven-3.6.1\repository\net\bytebuddy\byte-buddy-agent\1.9.13\byte-buddy-agent-1.9.13.jar;D:\ENV\apache-maven-3.6.1\repository\org\objenesis\objenesis\2.6\objenesis-2.6.jar;D:\ENV\apache-maven-3.6.1\repository\org\hamcrest\hamcrest-core\1.3\hamcrest-core-1.3.jar;D:\ENV\apache-maven-3.6.1\repository\org\hamcrest\hamcrest-library\1.3\hamcrest-library-1.3.jar;D:\ENV\apache-maven-3.6.1\repository\org\skyscreamer\jsonassert\1.5.0\jsonassert-1.5.0.jar;D:\ENV\apache-maven-3.6.1\repository\com\vaadin\external\google\android-json\0.0.20131108.vaadin1\android-json-0.0.20131108.vaadin1.jar;D:\ENV\apache-maven-3.6.1\repository\org\springframework\spring-core\5.1.8.RELEASE\spring-core-5.1.8.RELEASE.jar;D:\ENV\apache-maven-3.6.1\repository\org\springframework\spring-jcl\5.1.8.RELEASE\spring-jcl-5.1.8.RELEASE.jar;D:\ENV\apache-maven-3.6.1\repository\org\springframework\spring-test\5.1.8.RELEASE\spring-test-5.1.8.RELEASE.jar;D:\ENV\apache-maven-3.6.1\repository\org\xmlunit\xmlunit-core\2.6.2\xmlunit-core-2.6.2.jar;"/>
    <property name="java.vm.vendor" value="Oracle Corporation"/>
    <property name="sun.arch.data.model" value="64"/>
    <property name="user.variant" value=""/>
    <property name="java.vendor.url" value="http://java.oracle.com/"/>
    <property name="user.timezone" value="Asia/Shanghai"/>
    <property name="java.vm.specification.version" value="1.8"/>
    <property name="os.name" value="Windows 10"/>
    <property name="user.country" value="CN"/>
    <property name="sun.java.launcher" value="SUN_STANDARD"/>
    <property name="sun.boot.library.path" value="D:\ENV\jdk1.8.0_161\jre\bin"/>
    <property name="sun.java.command" value="C:\Users\ADMINI~1\AppData\Local\Temp\surefire7508195062917040178\surefirebooter3037940845967525471.jar C:\Users\Administrator\AppData\Local\Temp\surefire7508195062917040178 2021-01-19T11-26-26_635-jvmRun1 surefire7585262709925286130tmp surefire_03280477969672465554tmp"/>
    <property name="surefire.test.class.path" value="D:\haihui\trunk\chapter02\profile\target\test-classes;D:\haihui\trunk\chapter02\profile\target\classes;D:\ENV\apache-maven-3.6.1\repository\org\springframework\boot\spring-boot-starter-web\2.1.6.RELEASE\spring-boot-starter-web-2.1.6.RELEASE.jar;D:\ENV\apache-maven-3.6.1\repository\org\springframework\boot\spring-boot-starter\2.1.6.RELEASE\spring-boot-starter-2.1.6.RELEASE.jar;D:\ENV\apache-maven-3.6.1\repository\org\springframework\boot\spring-boot\2.1.6.RELEASE\spring-boot-2.1.6.RELEASE.jar;D:\ENV\apache-maven-3.6.1\repository\org\springframework\boot\spring-boot-autoconfigure\2.1.6.RELEASE\spring-boot-autoconfigure-2.1.6.RELEASE.jar;D:\ENV\apache-maven-3.6.1\repository\org\springframework\boot\spring-boot-starter-logging\2.1.6.RELEASE\spring-boot-starter-logging-2.1.6.RELEASE.jar;D:\ENV\apache-maven-3.6.1\repository\ch\qos\logback\logback-classic\1.2.3\logback-classic-1.2.3.jar;D:\ENV\apache-maven-3.6.1\repository\ch\qos\logback\logback-core\1.2.3\logback-core-1.2.3.jar;D:\ENV\apache-maven-3.6.1\repository\org\apache\logging\log4j\log4j-to-slf4j\2.11.2\log4j-to-slf4j-2.11.2.jar;D:\ENV\apache-maven-3.6.1\repository\org\apache\logging\log4j\log4j-api\2.11.2\log4j-api-2.11.2.jar;D:\ENV\apache-maven-3.6.1\repository\org\slf4j\jul-to-slf4j\1.7.26\jul-to-slf4j-1.7.26.jar;D:\ENV\apache-maven-3.6.1\repository\javax\annotation\javax.annotation-api\1.3.2\javax.annotation-api-1.3.2.jar;D:\ENV\apache-maven-3.6.1\repository\org\yaml\snakeyaml\1.23\snakeyaml-1.23.jar;D:\ENV\apache-maven-3.6.1\repository\org\springframework\boot\spring-boot-starter-json\2.1.6.RELEASE\spring-boot-starter-json-2.1.6.RELEASE.jar;D:\ENV\apache-maven-3.6.1\repository\com\fasterxml\jackson\core\jackson-databind\2.9.9\jackson-databind-2.9.9.jar;D:\ENV\apache-maven-3.6.1\repository\com\fasterxml\jackson\core\jackson-annotations\2.9.0\jackson-annotations-2.9.0.jar;D:\ENV\apache-maven-3.6.1\repository\com\fasterxml\jackson\core\jackson-core\2.9.9\jackson-core-2.9.9.jar;D:\ENV\apache-maven-3.6.1\repository\com\fasterxml\jackson\datatype\jackson-datatype-jdk8\2.9.9\jackson-datatype-jdk8-2.9.9.jar;D:\ENV\apache-maven-3.6.1\repository\com\fasterxml\jackson\datatype\jackson-datatype-jsr310\2.9.9\jackson-datatype-jsr310-2.9.9.jar;D:\ENV\apache-maven-3.6.1\repository\com\fasterxml\jackson\module\jackson-module-parameter-names\2.9.9\jackson-module-parameter-names-2.9.9.jar;D:\ENV\apache-maven-3.6.1\repository\org\springframework\boot\spring-boot-starter-tomcat\2.1.6.RELEASE\spring-boot-starter-tomcat-2.1.6.RELEASE.jar;D:\ENV\apache-maven-3.6.1\repository\org\apache\tomcat\embed\tomcat-embed-core\9.0.21\tomcat-embed-core-9.0.21.jar;D:\ENV\apache-maven-3.6.1\repository\org\apache\tomcat\embed\tomcat-embed-el\9.0.21\tomcat-embed-el-9.0.21.jar;D:\ENV\apache-maven-3.6.1\repository\org\apache\tomcat\embed\tomcat-embed-websocket\9.0.21\tomcat-embed-websocket-9.0.21.jar;D:\ENV\apache-maven-3.6.1\repository\org\hibernate\validator\hibernate-validator\6.0.17.Final\hibernate-validator-6.0.17.Final.jar;D:\ENV\apache-maven-3.6.1\repository\javax\validation\validation-api\2.0.1.Final\validation-api-2.0.1.Final.jar;D:\ENV\apache-maven-3.6.1\repository\org\jboss\logging\jboss-logging\3.3.2.Final\jboss-logging-3.3.2.Final.jar;D:\ENV\apache-maven-3.6.1\repository\com\fasterxml\classmate\1.4.0\classmate-1.4.0.jar;D:\ENV\apache-maven-3.6.1\repository\org\springframework\spring-web\5.1.8.RELEASE\spring-web-5.1.8.RELEASE.jar;D:\ENV\apache-maven-3.6.1\repository\org\springframework\spring-beans\5.1.8.RELEASE\spring-beans-5.1.8.RELEASE.jar;D:\ENV\apache-maven-3.6.1\repository\org\springframework\spring-webmvc\5.1.8.RELEASE\spring-webmvc-5.1.8.RELEASE.jar;D:\ENV\apache-maven-3.6.1\repository\org\springframework\spring-aop\5.1.8.RELEASE\spring-aop-5.1.8.RELEASE.jar;D:\ENV\apache-maven-3.6.1\repository\org\springframework\spring-context\5.1.8.RELEASE\spring-context-5.1.8.RELEASE.jar;D:\ENV\apache-maven-3.6.1\repository\org\springframework\spring-expression\5.1.8.RELEASE\spring-expression-5.1.8.RELEASE.jar;D:\ENV\apache-maven-3.6.1\repository\org\springframework\boot\spring-boot-starter-test\2.1.6.RELEASE\spring-boot-starter-test-2.1.6.RELEASE.jar;D:\ENV\apache-maven-3.6.1\repository\org\springframework\boot\spring-boot-test\2.1.6.RELEASE\spring-boot-test-2.1.6.RELEASE.jar;D:\ENV\apache-maven-3.6.1\repository\org\springframework\boot\spring-boot-test-autoconfigure\2.1.6.RELEASE\spring-boot-test-autoconfigure-2.1.6.RELEASE.jar;D:\ENV\apache-maven-3.6.1\repository\com\jayway\jsonpath\json-path\2.4.0\json-path-2.4.0.jar;D:\ENV\apache-maven-3.6.1\repository\net\minidev\json-smart\2.3\json-smart-2.3.jar;D:\ENV\apache-maven-3.6.1\repository\net\minidev\accessors-smart\1.2\accessors-smart-1.2.jar;D:\ENV\apache-maven-3.6.1\repository\org\ow2\asm\asm\5.0.4\asm-5.0.4.jar;D:\ENV\apache-maven-3.6.1\repository\org\slf4j\slf4j-api\1.7.26\slf4j-api-1.7.26.jar;D:\ENV\apache-maven-3.6.1\repository\junit\junit\4.12\junit-4.12.jar;D:\ENV\apache-maven-3.6.1\repository\org\assertj\assertj-core\3.11.1\assertj-core-3.11.1.jar;D:\ENV\apache-maven-3.6.1\repository\org\mockito\mockito-core\2.23.4\mockito-core-2.23.4.jar;D:\ENV\apache-maven-3.6.1\repository\net\bytebuddy\byte-buddy\1.9.13\byte-buddy-1.9.13.jar;D:\ENV\apache-maven-3.6.1\repository\net\bytebuddy\byte-buddy-agent\1.9.13\byte-buddy-agent-1.9.13.jar;D:\ENV\apache-maven-3.6.1\repository\org\objenesis\objenesis\2.6\objenesis-2.6.jar;D:\ENV\apache-maven-3.6.1\repository\org\hamcrest\hamcrest-core\1.3\hamcrest-core-1.3.jar;D:\ENV\apache-maven-3.6.1\repository\org\hamcrest\hamcrest-library\1.3\hamcrest-library-1.3.jar;D:\ENV\apache-maven-3.6.1\repository\org\skyscreamer\jsonassert\1.5.0\jsonassert-1.5.0.jar;D:\ENV\apache-maven-3.6.1\repository\com\vaadin\external\google\android-json\0.0.20131108.vaadin1\android-json-0.0.20131108.vaadin1.jar;D:\ENV\apache-maven-3.6.1\repository\org\springframework\spring-core\5.1.8.RELEASE\spring-core-5.1.8.RELEASE.jar;D:\ENV\apache-maven-3.6.1\repository\org\springframework\spring-jcl\5.1.8.RELEASE\spring-jcl-5.1.8.RELEASE.jar;D:\ENV\apache-maven-3.6.1\repository\org\springframework\spring-test\5.1.8.RELEASE\spring-test-5.1.8.RELEASE.jar;D:\ENV\apache-maven-3.6.1\repository\org\xmlunit\xmlunit-core\2.6.2\xmlunit-core-2.6.2.jar;"/>
    <property name="sun.cpu.endian" value="little"/>
    <property name="user.home" value="C:\Users\Administrator"/>
    <property name="user.language" value="zh"/>
    <property name="java.specification.vendor" value="Oracle Corporation"/>
    <property name="java.home" value="D:\ENV\jdk1.8.0_161\jre"/>
    <property name="basedir" value="D:\haihui\trunk\chapter02\profile"/>
    <property name="file.separator" value="\"/>
    <property name="line.separator" value="&#10;"/>
    <property name="java.vm.specification.vendor" value="Oracle Corporation"/>
    <property name="java.specification.name" value="Java Platform API Specification"/>
    <property name="java.awt.graphicsenv" value="sun.awt.Win32GraphicsEnvironment"/>
    <property name="surefire.real.class.path" value="C:\Users\ADMINI~1\AppData\Local\Temp\surefire7508195062917040178\surefirebooter3037940845967525471.jar"/>
    <property name="sun.boot.class.path" value="D:\ENV\jdk1.8.0_161\jre\lib\resources.jar;D:\ENV\jdk1.8.0_161\jre\lib\rt.jar;D:\ENV\jdk1.8.0_161\jre\lib\sunrsasign.jar;D:\ENV\jdk1.8.0_161\jre\lib\jsse.jar;D:\ENV\jdk1.8.0_161\jre\lib\jce.jar;D:\ENV\jdk1.8.0_161\jre\lib\charsets.jar;D:\ENV\jdk1.8.0_161\jre\lib\jfr.jar;D:\ENV\jdk1.8.0_161\jre\classes"/>
    <property name="user.script" value=""/>
    <property name="sun.management.compiler" value="HotSpot 64-Bit Tiered Compilers"/>
    <property name="java.runtime.version" value="1.8.0_161-b12"/>
    <property name="user.name" value="Administrator"/>
    <property name="path.separator" value=";"/>
    <property name="os.version" value="10.0"/>
    <property name="java.endorsed.dirs" value="D:\ENV\jdk1.8.0_161\jre\lib\endorsed"/>
    <property name="java.runtime.name" value="Java(TM) SE Runtime Environment"/>
    <property name="file.encoding" value="GBK"/>
    <property name="java.vm.name" value="Java HotSpot(TM) 64-Bit Server VM"/>
    <property name="localRepository" value="D:\ENV\apache-maven-3.6.1\repository"/>
    <property name="java.vendor.url.bug" value="http://bugreport.sun.com/bugreport/"/>
    <property name="java.io.tmpdir" value="C:\Users\ADMINI~1\AppData\Local\Temp\"/>
    <property name="java.version" value="1.8.0_161"/>
    <property name="user.dir" value="D:\haihui\trunk\chapter02\profile"/>
    <property name="os.arch" value="amd64"/>
    <property name="java.vm.specification.name" value="Java Virtual Machine Specification"/>
    <property name="java.awt.printerjob" value="sun.awt.windows.WPrinterJob"/>
    <property name="sun.os.patch.level" value=""/>
    <property name="java.library.path" value="D:\ENV\jdk1.8.0_161\jre\bin;C:\WINDOWS\Sun\Java\bin;C:\WINDOWS\system32;C:\WINDOWS;D:/ENV/jdk1.8.0_161/bin/../jre/bin/server;D:/ENV/jdk1.8.0_161/bin/../jre/bin;D:/ENV/jdk1.8.0_161/bin/../jre/lib/amd64;C:\WINDOWS\system32;C:\WINDOWS;C:\WINDOWS\System32\Wbem;C:\WINDOWS\System32\WindowsPowerShell\v1.0\;D:\ENV\Git\cmd;C:\Program Files\TortoiseGit\bin;C:\Program Files\TortoiseSVN\bin;C:\WINDOWS\System32\OpenSSH\;D:\Program Files\nodejs\;D:\Program Files\nodejs\node_global;D:\xampp\php;C:\Program Files\Docker\Docker\resources\bin;C:\ProgramData\DockerDesktop\version-bin;D:\ENV\jdk1.8.0_161\bin;C:\Users\Administrator\AppData\Local\Microsoft\WindowsApps;;d:\Program Files\JetBrains\PhpStorm 2019.2.5\bin;;C:\Users\Administrator\AppData\Roaming\npm;D:\下载\DriverGenius;D:\下载\DriverGenius\ksoft;D:\ENV/jdk12/bin;D:\ENV\eclipse;;."/>
    <property name="java.vm.info" value="mixed mode"/>
    <property name="java.vendor" value="Oracle Corporation"/>
    <property name="java.vm.version" value="25.161-b12"/>
    <property name="java.ext.dirs" value="D:\ENV\jdk1.8.0_161\jre\lib\ext;C:\WINDOWS\Sun\Java\lib\ext"/>
    <property name="sun.io.unicode.encoding" value="UnicodeLittle"/>
    <property name="java.class.version" value="52.0"/>
  </properties>
  <testcase name="initializationError" classname="org.javaboy.profile.ProfileApplicationTests" time="0.042">
    <error message="Unable to find a @SpringBootConfiguration, you need to use @ContextConfiguration or @SpringBootTest(classes=...) with your test" type="java.lang.IllegalStateException">java.lang.IllegalStateException: Unable to find a @SpringBootConfiguration, you need to use @ContextConfiguration or @SpringBootTest(classes=...) with your test
</error>
    <system-out><![CDATA[11:26:32.968 [main] DEBUG org.springframework.test.context.junit4.SpringJUnit4ClassRunner - SpringJUnit4ClassRunner constructor called with [class org.javaboy.profile.ProfileApplicationTests]
11:26:33.010 [main] DEBUG org.springframework.test.context.BootstrapUtils - Instantiating CacheAwareContextLoaderDelegate from class [org.springframework.test.context.cache.DefaultCacheAwareContextLoaderDelegate]
11:26:33.064 [main] DEBUG org.springframework.test.context.BootstrapUtils - Instantiating BootstrapContext using constructor [public org.springframework.test.context.support.DefaultBootstrapContext(java.lang.Class,org.springframework.test.context.CacheAwareContextLoaderDelegate)]
11:26:33.166 [main] DEBUG org.springframework.test.context.BootstrapUtils - Instantiating TestContextBootstrapper for test class [org.javaboy.profile.ProfileApplicationTests] from class [org.springframework.boot.test.context.SpringBootTestContextBootstrapper]
11:26:33.249 [main] INFO org.springframework.boot.test.context.SpringBootTestContextBootstrapper - Neither @ContextConfiguration nor @ContextHierarchy found for test class [org.javaboy.profile.ProfileApplicationTests], using SpringBootContextLoader
11:26:33.260 [main] DEBUG org.springframework.test.context.support.AbstractContextLoader - Did not detect default resource location for test class [org.javaboy.profile.ProfileApplicationTests]: class path resource [org/javaboy/profile/ProfileApplicationTests-context.xml] does not exist
11:26:33.261 [main] DEBUG org.springframework.test.context.support.AbstractContextLoader - Did not detect default resource location for test class [org.javaboy.profile.ProfileApplicationTests]: class path resource [org/javaboy/profile/ProfileApplicationTestsContext.groovy] does not exist
11:26:33.262 [main] INFO org.springframework.test.context.support.AbstractContextLoader - Could not detect default resource locations for test class [org.javaboy.profile.ProfileApplicationTests]: no resource found for suffixes {-context.xml, Context.groovy}.
11:26:33.263 [main] INFO org.springframework.test.context.support.AnnotationConfigContextLoaderUtils - Could not detect default configuration classes for test class [org.javaboy.profile.ProfileApplicationTests]: ProfileApplicationTests does not declare any static, non-private, non-final, nested classes annotated with @Configuration.
11:26:33.451 [main] DEBUG org.springframework.test.context.support.ActiveProfilesUtils - Could not find an 'annotation declaring class' for annotation type [org.springframework.test.context.ActiveProfiles] and class [org.javaboy.profile.ProfileApplicationTests]
]]></system-out>
  </testcase>
</testsuite>